2023.04.16 18:31:55 INFO  Started: Metals version 0.11.11 in workspace '/Users/hero/Projects/itis.merch/core-api' for client Visual Studio Code 1.77.3.[0m
SLF4J: No SLF4J providers were found.
SLF4J: Defaulting to no-operation (NOP) logger implementation
SLF4J: See https://www.slf4j.org/codes.html#noProviders for further details.
SLF4J: Class path contains SLF4J bindings targeting slf4j-api versions 1.7.x or earlier.
SLF4J: Ignoring binding found at [jar:file:/Users/hero/Library/Caches/Coursier/v1/https/repo1.maven.org/maven2/com/outr/scribe-slf4j_2.13/3.11.0/scribe-slf4j_2.13-3.11.0.jar!/org/slf4j/impl/StaticLoggerBinder.class]
SLF4J: See https://www.slf4j.org/codes.html#ignoredBindings for an explanation.
2023.04.16 18:31:56 INFO  time: initialize in 0.88s[0m
2023.04.16 18:32:01 WARN  Build server is not auto-connectable.[0m
2023.04.16 18:32:01 WARN  no build target for: /Users/hero/Projects/itis.merch/core-api/src/main/java/com/itis/merch/core/models/AppUser.java[0m
2023.04.16 18:32:02 INFO  time: code lens generation in 1.47s[0m
2023.04.16 18:32:43 WARN  no build target for: /Users/hero/Projects/itis.merch/core-api/src/main/java/com/itis/merch/core/exceptions/CustomException.java[0m
Apr 16, 2023 6:35:57 PM org.eclipse.lsp4j.jsonrpc.RemoteEndpoint handleCancellation
WARNING: Unmatched cancel notification for request id 147
2023.04.16 18:37:25 WARN  no build target for: /Users/hero/Projects/itis.merch/core-api/src/main/java/com/itis/merch/core/models/AppUser.java[0m
2023.04.16 18:37:34 WARN  no build target for: /Users/hero/Projects/itis.merch/core-api/src/main/java/com/itis/merch/core/models/AppUserRole.java[0m
2023.04.16 18:37:41 WARN  no build target for: /Users/hero/Projects/itis.merch/core-api/src/main/java/com/itis/merch/core/models/AppUserPermission.java[0m
2023.04.16 18:37:57 WARN  no build target for: /Users/hero/Projects/itis.merch/core-api/src/main/java/com/itis/merch/core/models/AppUserPermission.java[0m
2023.04.16 18:37:59 WARN  no build target for: /Users/hero/Projects/itis.merch/core-api/src/main/java/com/itis/merch/core/models/AppUserPermission.java[0m
2023.04.16 18:38:01 WARN  no build target for: /Users/hero/Projects/itis.merch/core-api/src/main/java/com/itis/merch/core/models/AppUserRole.java[0m
2023.04.16 18:38:02 INFO  time: code lens generation in 1.23s[0m
2023.04.16 18:39:02 WARN  no build target for: /Users/hero/Projects/itis.merch/core-api/src/main/java/com/itis/merch/core/models/AppUserRole.java[0m
Apr 16, 2023 6:41:15 PM org.eclipse.lsp4j.jsonrpc.RemoteEndpoint handleCancellation
WARNING: Unmatched cancel notification for request id 813
Apr 16, 2023 6:41:28 PM org.eclipse.lsp4j.jsonrpc.RemoteEndpoint handleCancellation
WARNING: Unmatched cancel notification for request id 859
2023.04.16 18:42:40 WARN  no build target for: /Users/hero/Projects/itis.merch/core-api/src/main/java/com/itis/merch/core/models/AppUserPermission.java[0m
2023.04.16 18:43:16 WARN  no build target for: /Users/hero/Projects/itis.merch/core-api/src/main/java/com/itis/merch/core/models/AppUserPermission.java[0m
2023.04.16 18:46:15 WARN  Using indexes to guess the definition of AppUserPermission[0m
2023.04.16 18:46:24 WARN  no build target for: /Users/hero/Projects/itis.merch/core-api/src/main/java/com/itis/merch/core/models/AppUserRole.java[0m
2023.04.16 18:46:24 INFO  Shutting down server[0m
2023.04.16 18:46:24 INFO  shutting down Metals[0m
2023.04.16 18:46:25 INFO  Exiting server[0m
2023.04.16 18:46:25 ERROR Unexpected error initializing server: 
org.eclipse.lsp4j.jsonrpc.ResponseErrorException: Request window/showMessageRequest failed with message: Canceled
	at org.eclipse.lsp4j.jsonrpc.RemoteEndpoint.handleResponse(RemoteEndpoint.java:209)
	at org.eclipse.lsp4j.jsonrpc.RemoteEndpoint.consume(RemoteEndpoint.java:193)
	at org.eclipse.lsp4j.jsonrpc.json.StreamMessageProducer.handleMessage(StreamMessageProducer.java:194)
	at org.eclipse.lsp4j.jsonrpc.json.StreamMessageProducer.listen(StreamMessageProducer.java:94)
	at org.eclipse.lsp4j.jsonrpc.json.ConcurrentMessageProcessor.run(ConcurrentMessageProcessor.java:113)
	at java.util.concurrent.Executors$RunnableAdapter.call(Executors.java:539)
	at java.util.concurrent.FutureTask.run(FutureTask.java:264)
	at java.util.concurrent.ThreadPoolExecutor.runWorker(ThreadPoolExecutor.java:1136)
	at java.util.concurrent.ThreadPoolExecutor$Worker.run(ThreadPoolExecutor.java:635)
	at java.lang.Thread.run(Thread.java:833)
[0m
